<?xml version="1.0" encoding="UTF-8"?>
<!-- Generated by org.testng.reporters.JUnitReportReporter -->
<testsuite hostname="DESKTOP-6J66VIM" failures="0" tests="1" name="com.TestNGDemo.annotationDemonew" time="77.780" errors="0" timestamp="2024-06-06T12:45:35 IST" skipped="0">
  <testcase classname="com.TestNGDemo.annotationDemonew" name="verifytheTittleOfHomePage" time="77.780"/>
</testsuite> <!-- com.TestNGDemo.annotationDemonew -->
