<?xml version="1.0" encoding="UTF-8"?>
<!-- Generated by org.testng.reporters.JUnitReportReporter -->
<testsuite hostname="DESKTOP-6J66VIM" failures="0" tests="1" name="com.TestNGDemo.groupAnnotationA" time="0.012" errors="0" timestamp="2024-06-06T14:17:57 IST" skipped="0">
  <testcase classname="com.TestNGDemo.groupAnnotationA" name="TestD" time="0.012"/>
</testsuite> <!-- com.TestNGDemo.groupAnnotationA -->
